{
  "RSpec": {
    "coverage": {
      "/Users/pistachiojoe/turing/3mod/proj/sweater/sweater/spec/facades/weather_facade_spec.rb": {
        "lines": [
          1,
          null,
          1,
          1,
          3,
          3,
          3,
          3,
          3,
          3,
          null,
          1,
          null,
          1,
          1,
          1,
          1,
          1,
          1,
          1,
          1,
          1,
          null,
          null,
          1,
          1,
          1,
          1,
          1,
          1,
          1,
          1,
          1,
          null,
          null,
          null,
          1,
          1,
          null,
          1,
          1,
          1,
          1,
          1,
          null,
          null
        ]
      },
      "/Users/pistachiojoe/turing/3mod/proj/sweater/sweater/spec/rails_helper.rb": {
        "lines": [
          null,
          1,
          1,
          1,
          null,
          1,
          1,
          null,
          null,
          null,
          null,
          null,
          null,
          null,
          null,
          null,
          null,
          null,
          null,
          null,
          null,
          null,
          null,
          null,
          null,
          null,
          null,
          1,
          null,
          0,
          0,
          null,
          1,
          null,
          1,
          null,
          null,
          null,
          null,
          1,
          null,
          null,
          null,
          null,
          null,
          null,
          null,
          null,
          null,
          null,
          null,
          null,
          null,
          null,
          null,
          null,
          null,
          1,
          null,
          null,
          1,
          null,
          null,
          null,
          1,
          1,
          1,
          1,
          null,
          null,
          null,
          1,
          1,
          1,
          1,
          1,
          null,
          null
        ]
      },
      "/Users/pistachiojoe/turing/3mod/proj/sweater/sweater/config/environment.rb": {
        "lines": [
          null,
          1,
          null,
          null,
          1
        ]
      },
      "/Users/pistachiojoe/turing/3mod/proj/sweater/sweater/config/application.rb": {
        "lines": [
          1,
          null,
          1,
          null,
          1,
          1,
          1,
          1,
          1,
          1,
          1,
          1,
          null,
          null,
          null,
          null,
          null,
          1,
          null,
          1,
          1,
          null,
          1,
          null,
          null,
          null,
          null,
          null,
          null,
          null,
          null,
          null,
          1,
          null,
          null
        ]
      },
      "/Users/pistachiojoe/turing/3mod/proj/sweater/sweater/config/boot.rb": {
        "lines": [
          1,
          null,
          1,
          1
        ]
      },
      "/Users/pistachiojoe/turing/3mod/proj/sweater/sweater/config/environments/test.rb": {
        "lines": [
          1,
          null,
          null,
          null,
          null,
          null,
          null,
          1,
          null,
          null,
          null,
          null,
          1,
          null,
          null,
          1,
          1,
          null,
          null,
          null,
          null,
          1,
          1,
          null,
          null,
          1,
          null,
          null,
          1,
          null,
          null,
          1,
          null,
          1,
          null,
          null,
          null,
          null,
          1,
          null,
          null,
          1,
          null,
          null,
          null,
          null
        ]
      },
      "/Users/pistachiojoe/turing/3mod/proj/sweater/sweater/config/initializers/application_controller_renderer.rb": {
        "lines": [
          null,
          null,
          null,
          null,
          null,
          null,
          null,
          null
        ]
      },
      "/Users/pistachiojoe/turing/3mod/proj/sweater/sweater/config/initializers/backtrace_silencers.rb": {
        "lines": [
          null,
          null,
          null,
          null,
          null,
          null,
          null
        ]
      },
      "/Users/pistachiojoe/turing/3mod/proj/sweater/sweater/config/initializers/cors.rb": {
        "lines": [
          null,
          null,
          null,
          null,
          null,
          null,
          null,
          null,
          null,
          null,
          null,
          null,
          null,
          null,
          null,
          null
        ]
      },
      "/Users/pistachiojoe/turing/3mod/proj/sweater/sweater/config/initializers/filter_parameter_logging.rb": {
        "lines": [
          null,
          null,
          null,
          1
        ]
      },
      "/Users/pistachiojoe/turing/3mod/proj/sweater/sweater/config/initializers/inflections.rb": {
        "lines": [
          null,
          null,
          null,
          null,
          null,
          null,
          null,
          null,
          null,
          null,
          null,
          null,
          null,
          null,
          null,
          null
        ]
      },
      "/Users/pistachiojoe/turing/3mod/proj/sweater/sweater/config/initializers/mime_types.rb": {
        "lines": [
          null,
          null,
          null,
          null
        ]
      },
      "/Users/pistachiojoe/turing/3mod/proj/sweater/sweater/config/initializers/wrap_parameters.rb": {
        "lines": [
          null,
          null,
          null,
          null,
          null,
          null,
          1,
          1,
          null,
          null,
          null,
          null,
          null,
          null
        ]
      },
      "/Users/pistachiojoe/turing/3mod/proj/sweater/sweater/config/routes.rb": {
        "lines": [
          1,
          null,
          1,
          1,
          1,
          null,
          null,
          null
        ]
      },
      "/Users/pistachiojoe/turing/3mod/proj/sweater/sweater/spec/poros/current_weather_spec.rb": {
        "lines": [
          1,
          null,
          1,
          1,
          1,
          null,
          null,
          null,
          null,
          null,
          null,
          null,
          null,
          null,
          null,
          null,
          null,
          null,
          null,
          1,
          null,
          1,
          1,
          1,
          1,
          1,
          1,
          1,
          1,
          1,
          1,
          null,
          null,
          null,
          null
        ]
      },
      "/Users/pistachiojoe/turing/3mod/proj/sweater/sweater/spec/requests/api/v1/forecast_request_spec.rb": {
        "lines": [
          1,
          null,
          1,
          1,
          0,
          0,
          null,
          null
        ]
      },
      "/Users/pistachiojoe/turing/3mod/proj/sweater/sweater/spec/services/map_service_spec.rb": {
        "lines": [
          1,
          null,
          1,
          null,
          1,
          1,
          null,
          1,
          1,
          null,
          null,
          null
        ]
      },
      "/Users/pistachiojoe/turing/3mod/proj/sweater/sweater/spec/services/weather_service_spec.rb": {
        "lines": [
          1,
          null,
          1,
          null,
          1,
          1,
          null,
          1,
          1,
          null,
          null,
          null
        ]
      },
      "/Users/pistachiojoe/turing/3mod/proj/sweater/sweater/app/services/weather_service.rb": {
        "lines": [
          1,
          1,
          4,
          4,
          null,
          null,
          1,
          4,
          null,
          null,
          1,
          4,
          4,
          null,
          null,
          null
        ]
      },
      "/Users/pistachiojoe/turing/3mod/proj/sweater/sweater/app/facades/weather_facade.rb": {
        "lines": [
          1,
          1,
          0,
          0,
          0,
          0,
          0,
          null,
          null,
          1,
          3,
          null,
          null,
          1,
          27,
          null,
          null,
          1,
          18,
          null,
          null,
          null
        ]
      },
      "/Users/pistachiojoe/turing/3mod/proj/sweater/sweater/app/poros/current_weather.rb": {
        "lines": [
          1,
          1,
          null,
          1,
          4,
          4,
          4,
          4,
          4,
          4,
          4,
          4,
          4,
          4,
          null,
          null,
          null
        ]
      },
      "/Users/pistachiojoe/turing/3mod/proj/sweater/sweater/app/poros/hourly_weather.rb": {
        "lines": [
          1,
          1,
          null,
          1,
          24,
          24,
          24,
          24,
          null,
          null,
          null
        ]
      },
      "/Users/pistachiojoe/turing/3mod/proj/sweater/sweater/app/poros/daily_weather.rb": {
        "lines": [
          1,
          1,
          null,
          1,
          15,
          15,
          15,
          15,
          15,
          15,
          15,
          null,
          null,
          null
        ]
      },
      "/Users/pistachiojoe/turing/3mod/proj/sweater/sweater/app/services/map_service.rb": {
        "lines": [
          1,
          1,
          1,
          1,
          null,
          null,
          null,
          1,
          1,
          null,
          null,
          1,
          1,
          1,
          null,
          null,
          null
        ]
      }
    },
    "timestamp": 1655333321
  }
}
